android/app/build/intermediates/manifest_merge_blame_file/debug/manifest-merger-blame-debug-report.txt
1<?xml version="1.0" encoding="utf-8"?>
2<manifest xmlns:android="http://schemas.android.com/apk/res/android"
3    package="com.travelwithcare"
4    android:versionCode="1"
5    android:versionName="1.0" >
6
7    <uses-sdk
8        android:minSdkVersion="16"
9        android:targetSdkVersion="29" />
10
11    <uses-permission android:name="android.permission.SYSTEM_ALERT_WINDOW" />
11-->src/debug/AndroidManifest.xml:5:5-77
11-->src/debug/AndroidManifest.xml:5:22-75
12    <uses-permission android:name="android.permission.INTERNET" />
12-->src/main/AndroidManifest.xml:4:5-67
12-->src/main/AndroidManifest.xml:4:22-64
13    <uses-permission android:name="android.permission.ACCESS_WIFI_STATE" />
13-->[com.facebook.flipper:flipper:0.54.0] AndroidManifest.xml:16:5-76
13-->[com.facebook.flipper:flipper:0.54.0] AndroidManifest.xml:16:22-73
14
15    <queries>
15-->[:react-native-image-crop-picker] AndroidManifest.xml:10:5-14:15
16        <intent>
16-->[:react-native-image-crop-picker] AndroidManifest.xml:11:9-13:18
17            <action android:name="android.media.action.IMAGE_CAPTURE" />
17-->[:react-native-image-crop-picker] AndroidManifest.xml:12:13-73
17-->[:react-native-image-crop-picker] AndroidManifest.xml:12:21-70
18        </intent>
19    </queries>
20
21    <uses-permission android:name="android.permission.WRITE_EXTERNAL_STORAGE" /> <!-- Include required permissions for Google Maps API to run. -->
21-->[:react-native-image-crop-picker] AndroidManifest.xml:16:5-81
21-->[:react-native-image-crop-picker] AndroidManifest.xml:16:22-78
22    <uses-permission android:name="android.permission.ACCESS_NETWORK_STATE" />
22-->[com.google.android.gms:play-services-maps:11.8.0] AndroidManifest.xml:23:5-79
22-->[com.google.android.gms:play-services-maps:11.8.0] AndroidManifest.xml:23:22-76
23
24    <uses-feature
24-->[com.google.android.gms:play-services-maps:11.8.0] AndroidManifest.xml:26:5-28:35
25        android:glEsVersion="0x00020000"
25-->[com.google.android.gms:play-services-maps:11.8.0] AndroidManifest.xml:27:9-41
26        android:required="true" />
26-->[com.google.android.gms:play-services-maps:11.8.0] AndroidManifest.xml:28:9-32
27
28    <uses-permission android:name="android.permission.WAKE_LOCK" /> <!-- Required by older versions of Google Play services to create IID tokens -->
28-->[com.google.firebase:firebase-analytics:11.8.0] AndroidManifest.xml:25:5-68
28-->[com.google.firebase:firebase-analytics:11.8.0] AndroidManifest.xml:25:22-65
29    <uses-permission android:name="com.google.android.c2dm.permission.RECEIVE" />
29-->[com.google.firebase:firebase-iid:11.8.0] AndroidManifest.xml:26:5-82
29-->[com.google.firebase:firebase-iid:11.8.0] AndroidManifest.xml:26:22-79
30
31    <permission
31-->[com.google.firebase:firebase-iid:11.8.0] AndroidManifest.xml:28:5-30:47
32        android:name="com.travelwithcare.permission.C2D_MESSAGE"
32-->[com.google.firebase:firebase-iid:11.8.0] AndroidManifest.xml:29:9-63
33        android:protectionLevel="signature" />
33-->[com.google.firebase:firebase-iid:11.8.0] AndroidManifest.xml:30:9-44
34
35    <uses-permission android:name="com.travelwithcare.permission.C2D_MESSAGE" />
35-->[com.google.firebase:firebase-iid:11.8.0] AndroidManifest.xml:32:5-79
35-->[com.google.firebase:firebase-iid:11.8.0] AndroidManifest.xml:32:22-76
36
37    <application
37-->src/main/AndroidManifest.xml:6:5-25:19
38        android:name="com.travelwithcare.MainApplication"
38-->src/main/AndroidManifest.xml:7:7-38
39        android:allowBackup="false"
39-->src/main/AndroidManifest.xml:11:7-34
40        android:appComponentFactory="androidx.core.app.CoreComponentFactory"
40-->[androidx.core:core:1.1.0] AndroidManifest.xml:24:18-86
41        android:debuggable="true"
42        android:icon="@mipmap/ic_launcher"
42-->src/main/AndroidManifest.xml:9:7-41
43        android:label="@string/app_name"
43-->src/main/AndroidManifest.xml:8:7-39
44        android:roundIcon="@mipmap/ic_launcher_round"
44-->src/main/AndroidManifest.xml:10:7-52
45        android:theme="@style/AppTheme"
45-->src/main/AndroidManifest.xml:12:7-38
46        android:usesCleartextTraffic="true" >
46-->src/debug/AndroidManifest.xml:7:18-53
47        <activity
47-->src/main/AndroidManifest.xml:13:7-23:18
48            android:name="com.travelwithcare.MainActivity"
48-->src/main/AndroidManifest.xml:14:9-37
49            android:configChanges="keyboard|keyboardHidden|orientation|screenSize|uiMode"
49-->src/main/AndroidManifest.xml:16:9-86
50            android:label="@string/app_name"
50-->src/main/AndroidManifest.xml:15:9-41
51            android:launchMode="singleTask"
51-->src/main/AndroidManifest.xml:17:9-40
52            android:windowSoftInputMode="adjustResize" >
52-->src/main/AndroidManifest.xml:18:9-51
53            <intent-filter>
53-->src/main/AndroidManifest.xml:19:9-22:25
54                <action android:name="android.intent.action.MAIN" />
54-->src/main/AndroidManifest.xml:20:13-65
54-->src/main/AndroidManifest.xml:20:21-62
55
56                <category android:name="android.intent.category.LAUNCHER" />
56-->src/main/AndroidManifest.xml:21:13-73
56-->src/main/AndroidManifest.xml:21:23-70
57            </intent-filter>
58        </activity>
59        <activity android:name="com.facebook.react.devsupport.DevSettingsActivity" />
59-->src/main/AndroidManifest.xml:24:7-84
59-->src/main/AndroidManifest.xml:24:17-81
60
61        <provider
61-->[:react-native-image-crop-picker] AndroidManifest.xml:19:9-27:20
62            android:name="androidx.core.content.FileProvider"
62-->[:react-native-image-crop-picker] AndroidManifest.xml:20:13-62
63            android:authorities="com.travelwithcare.provider"
63-->[:react-native-image-crop-picker] AndroidManifest.xml:21:13-60
64            android:exported="false"
64-->[:react-native-image-crop-picker] AndroidManifest.xml:22:13-37
65            android:grantUriPermissions="true" >
65-->[:react-native-image-crop-picker] AndroidManifest.xml:23:13-47
66            <meta-data
66-->[:react-native-image-crop-picker] AndroidManifest.xml:24:13-26:58
67                android:name="android.support.FILE_PROVIDER_PATHS"
67-->[:react-native-image-crop-picker] AndroidManifest.xml:25:17-67
68                android:resource="@xml/provider_paths" />
68-->[:react-native-image-crop-picker] AndroidManifest.xml:26:17-55
69        </provider>
70
71        <activity
71-->[:react-native-image-crop-picker] AndroidManifest.xml:29:9-31:72
72            android:name="com.yalantis.ucrop.UCropActivity"
72-->[:react-native-image-crop-picker] AndroidManifest.xml:30:13-60
73            android:theme="@style/Theme.AppCompat.Light.NoActionBar" />
73-->[:react-native-image-crop-picker] AndroidManifest.xml:31:13-69
74        <activity
74-->[:tipsi-stripe] AndroidManifest.xml:12:9-16:75
75            android:name="com.gettipsi.stripe.OpenBrowserActivity"
75-->[:tipsi-stripe] AndroidManifest.xml:13:13-67
76            android:exported="false"
76-->[:tipsi-stripe] AndroidManifest.xml:14:13-37
77            android:launchMode="singleTask"
77-->[:tipsi-stripe] AndroidManifest.xml:15:13-44
78            android:theme="@android:style/Theme.Translucent.NoTitleBar" />
78-->[:tipsi-stripe] AndroidManifest.xml:16:13-72
79        <activity
79-->[:tipsi-stripe] AndroidManifest.xml:17:9-30:20
80            android:name="com.gettipsi.stripe.RedirectUriReceiver"
80-->[:tipsi-stripe] AndroidManifest.xml:18:13-67
81            android:exported="true"
81-->[:tipsi-stripe] AndroidManifest.xml:19:13-36
82            android:launchMode="singleTask"
82-->[:tipsi-stripe] AndroidManifest.xml:20:13-44
83            android:theme="@android:style/Theme.Translucent.NoTitleBar.Fullscreen" >
83-->[:tipsi-stripe] AndroidManifest.xml:21:13-83
84            <intent-filter>
84-->[:tipsi-stripe] AndroidManifest.xml:22:13-29:29
85                <action android:name="android.intent.action.VIEW" />
85-->[:tipsi-stripe] AndroidManifest.xml:23:17-69
85-->[:tipsi-stripe] AndroidManifest.xml:23:25-66
86
87                <category android:name="android.intent.category.DEFAULT" />
87-->[:tipsi-stripe] AndroidManifest.xml:25:17-76
87-->[:tipsi-stripe] AndroidManifest.xml:25:27-73
88                <category android:name="android.intent.category.BROWSABLE" />
88-->[:tipsi-stripe] AndroidManifest.xml:26:17-78
88-->[:tipsi-stripe] AndroidManifest.xml:26:27-75
89
90                <data android:scheme="example" />
90-->[:tipsi-stripe] AndroidManifest.xml:28:17-50
90-->[:tipsi-stripe] AndroidManifest.xml:28:23-47
91            </intent-filter>
92        </activity>
93        <activity
93-->[com.google.android.gms:play-services-base:11.8.0] AndroidManifest.xml:23:9-26:75
94            android:name="com.google.android.gms.common.api.GoogleApiActivity"
94-->[com.google.android.gms:play-services-base:11.8.0] AndroidManifest.xml:24:13-79
95            android:exported="false"
95-->[com.google.android.gms:play-services-base:11.8.0] AndroidManifest.xml:25:13-37
96            android:theme="@android:style/Theme.Translucent.NoTitleBar" />
96-->[com.google.android.gms:play-services-base:11.8.0] AndroidManifest.xml:26:13-72
97
98        <receiver
98-->[com.google.firebase:firebase-analytics:11.8.0] AndroidManifest.xml:28:9-32:20
99            android:name="com.google.android.gms.measurement.AppMeasurementReceiver"
99-->[com.google.firebase:firebase-analytics:11.8.0] AndroidManifest.xml:29:13-85
100            android:enabled="true"
100-->[com.google.firebase:firebase-analytics:11.8.0] AndroidManifest.xml:30:13-35
101            android:exported="false" >
101-->[com.google.firebase:firebase-analytics:11.8.0] AndroidManifest.xml:31:13-37
102        </receiver>
103        <receiver
103-->[com.google.firebase:firebase-analytics:11.8.0] AndroidManifest.xml:33:9-41:20
104            android:name="com.google.android.gms.measurement.AppMeasurementInstallReferrerReceiver"
104-->[com.google.firebase:firebase-analytics:11.8.0] AndroidManifest.xml:34:13-100
105            android:enabled="true"
105-->[com.google.firebase:firebase-analytics:11.8.0] AndroidManifest.xml:35:13-35
106            android:exported="true"
106-->[com.google.firebase:firebase-analytics:11.8.0] AndroidManifest.xml:36:13-36
107            android:permission="android.permission.INSTALL_PACKAGES" >
107-->[com.google.firebase:firebase-analytics:11.8.0] AndroidManifest.xml:37:13-69
108            <intent-filter>
108-->[com.google.firebase:firebase-analytics:11.8.0] AndroidManifest.xml:38:13-40:29
109                <action android:name="com.android.vending.INSTALL_REFERRER" />
109-->[com.google.firebase:firebase-analytics:11.8.0] AndroidManifest.xml:39:17-79
109-->[com.google.firebase:firebase-analytics:11.8.0] AndroidManifest.xml:39:25-76
110            </intent-filter>
111        </receiver>
112
113        <service
113-->[com.google.firebase:firebase-analytics:11.8.0] AndroidManifest.xml:43:9-46:40
114            android:name="com.google.android.gms.measurement.AppMeasurementService"
114-->[com.google.firebase:firebase-analytics:11.8.0] AndroidManifest.xml:44:13-84
115            android:enabled="true"
115-->[com.google.firebase:firebase-analytics:11.8.0] AndroidManifest.xml:45:13-35
116            android:exported="false" />
116-->[com.google.firebase:firebase-analytics:11.8.0] AndroidManifest.xml:46:13-37
117        <service
117-->[com.google.firebase:firebase-analytics:11.8.0] AndroidManifest.xml:47:9-51:72
118            android:name="com.google.android.gms.measurement.AppMeasurementJobService"
118-->[com.google.firebase:firebase-analytics:11.8.0] AndroidManifest.xml:48:13-87
119            android:enabled="true"
119-->[com.google.firebase:firebase-analytics:11.8.0] AndroidManifest.xml:49:13-35
120            android:exported="false"
120-->[com.google.firebase:firebase-analytics:11.8.0] AndroidManifest.xml:50:13-37
121            android:permission="android.permission.BIND_JOB_SERVICE" />
121-->[com.google.firebase:firebase-analytics:11.8.0] AndroidManifest.xml:51:13-69
122
123        <receiver
123-->[com.google.firebase:firebase-iid:11.8.0] AndroidManifest.xml:35:9-44:20
124            android:name="com.google.firebase.iid.FirebaseInstanceIdReceiver"
124-->[com.google.firebase:firebase-iid:11.8.0] AndroidManifest.xml:36:13-78
125            android:exported="true"
125-->[com.google.firebase:firebase-iid:11.8.0] AndroidManifest.xml:37:13-36
126            android:permission="com.google.android.c2dm.permission.SEND" >
126-->[com.google.firebase:firebase-iid:11.8.0] AndroidManifest.xml:38:13-73
127            <intent-filter>
127-->[com.google.firebase:firebase-iid:11.8.0] AndroidManifest.xml:39:13-43:29
128                <action android:name="com.google.android.c2dm.intent.RECEIVE" />
128-->[com.google.firebase:firebase-iid:11.8.0] AndroidManifest.xml:40:17-81
128-->[com.google.firebase:firebase-iid:11.8.0] AndroidManifest.xml:40:25-78
129
130                <category android:name="com.travelwithcare" />
130-->[com.google.firebase:firebase-iid:11.8.0] AndroidManifest.xml:42:17-61
130-->[com.google.firebase:firebase-iid:11.8.0] AndroidManifest.xml:42:27-58
131            </intent-filter>
132        </receiver>
133        <!--
134             FirebaseInstanceIdService performs security checks at runtime,
135             no need for explicit permissions despite exported="true"
136        -->
137        <service
137-->[com.google.firebase:firebase-iid:11.8.0] AndroidManifest.xml:50:9-56:19
138            android:name="com.google.firebase.iid.FirebaseInstanceIdService"
138-->[com.google.firebase:firebase-iid:11.8.0] AndroidManifest.xml:51:13-77
139            android:exported="true" >
139-->[com.google.firebase:firebase-iid:11.8.0] AndroidManifest.xml:52:13-36
140            <intent-filter android:priority="-500" >
140-->[com.google.firebase:firebase-iid:11.8.0] AndroidManifest.xml:53:13-55:29
140-->[com.google.firebase:firebase-iid:11.8.0] AndroidManifest.xml:53:28-51
141                <action android:name="com.google.firebase.INSTANCE_ID_EVENT" />
141-->[com.google.firebase:firebase-iid:11.8.0] AndroidManifest.xml:54:17-80
141-->[com.google.firebase:firebase-iid:11.8.0] AndroidManifest.xml:54:25-77
142            </intent-filter>
143        </service>
144
145        <provider
145-->[com.google.firebase:firebase-common:11.8.0] AndroidManifest.xml:8:9-12:39
146            android:name="com.google.firebase.provider.FirebaseInitProvider"
146-->[com.google.firebase:firebase-common:11.8.0] AndroidManifest.xml:9:13-77
147            android:authorities="com.travelwithcare.firebaseinitprovider"
147-->[com.google.firebase:firebase-common:11.8.0] AndroidManifest.xml:10:13-72
148            android:exported="false"
148-->[com.google.firebase:firebase-common:11.8.0] AndroidManifest.xml:11:13-37
149            android:initOrder="100" />
149-->[com.google.firebase:firebase-common:11.8.0] AndroidManifest.xml:12:13-36
150
151        <meta-data
151-->[com.google.android.gms:play-services-basement:11.8.0] AndroidManifest.xml:23:9-25:69
152            android:name="com.google.android.gms.version"
152-->[com.google.android.gms:play-services-basement:11.8.0] AndroidManifest.xml:24:13-58
153            android:value="@integer/google_play_services_version" />
153-->[com.google.android.gms:play-services-basement:11.8.0] AndroidManifest.xml:25:13-66
154
155        <activity
155-->[com.stripe:stripe-android:8.1.0] AndroidManifest.xml:12:9-16:20
156            android:name="com.stripe.android.view.AddSourceActivity"
156-->[com.stripe:stripe-android:8.1.0] AndroidManifest.xml:13:13-69
157            android:theme="@style/StripeDefaultTheme"
157-->[com.stripe:stripe-android:8.1.0] AndroidManifest.xml:14:13-54
158            android:windowSoftInputMode="stateVisible" >
158-->[com.stripe:stripe-android:8.1.0] AndroidManifest.xml:15:13-55
159        </activity>
160        <activity
160-->[com.stripe:stripe-android:8.1.0] AndroidManifest.xml:17:9-20:20
161            android:name="com.stripe.android.view.PaymentMethodsActivity"
161-->[com.stripe:stripe-android:8.1.0] AndroidManifest.xml:18:13-74
162            android:theme="@style/StripeDefaultTheme" >
162-->[com.stripe:stripe-android:8.1.0] AndroidManifest.xml:19:13-54
163        </activity>
164        <activity
164-->[com.stripe:stripe-android:8.1.0] AndroidManifest.xml:21:9-24:20
165            android:name="com.stripe.android.view.PaymentFlowActivity"
165-->[com.stripe:stripe-android:8.1.0] AndroidManifest.xml:22:13-71
166            android:theme="@style/StripeDefaultTheme" >
166-->[com.stripe:stripe-android:8.1.0] AndroidManifest.xml:23:13-54
167        </activity>
168    </application>
169
170</manifest>